mobile/android/app/build/intermediates/manifest_merge_blame_file/release/manifest-merger-blame-release-report.txt
1<?xml version="1.0" encoding="utf-8"?>
2<manifest xmlns:android="http://schemas.android.com/apk/res/android"
3    package="com.webrtcapp"
4    android:versionCode="1"
5    android:versionName="1.0" >
6
7    <uses-sdk
8        android:minSdkVersion="24"
8-->src\main\AndroidManifest.xml
9        android:targetSdkVersion="28" />
9-->src\main\AndroidManifest.xml
10
11    <uses-permission android:name="android.permission.INTERNET" />
11-->src\main\AndroidManifest.xml:4:5-67
11-->src\main\AndroidManifest.xml:4:22-64
12    <uses-permission android:name="android.permission.CAMERA" />
12-->src\main\AndroidManifest.xml:7:1-61
12-->src\main\AndroidManifest.xml:7:18-58
13
14    <uses-feature android:name="android.hardware.camera" />
14-->src\main\AndroidManifest.xml:8:1-56
14-->src\main\AndroidManifest.xml:8:15-53
15    <uses-feature android:name="android.hardware.camera.autofocus" />
15-->src\main\AndroidManifest.xml:9:1-65
15-->src\main\AndroidManifest.xml:9:15-63
16
17    <uses-permission android:name="android.permission.ACCESS_NETWORK_STATE" />
17-->src\main\AndroidManifest.xml:11:1-74
17-->src\main\AndroidManifest.xml:11:18-72
18    <uses-permission android:name="android.permission.MODIFY_AUDIO_SETTINGS" />
18-->src\main\AndroidManifest.xml:12:1-76
18-->src\main\AndroidManifest.xml:12:18-73
19    <uses-permission android:name="android.permission.RECORD_AUDIO" />
19-->src\main\AndroidManifest.xml:13:1-67
19-->src\main\AndroidManifest.xml:13:18-64
20    <uses-permission android:name="android.permission.WAKE_LOCK" />
20-->src\main\AndroidManifest.xml:14:1-64
20-->src\main\AndroidManifest.xml:14:18-61
21    <uses-permission android:name="android.permission.WRITE_EXTERNAL_STORAGE" />
21-->src\main\AndroidManifest.xml:15:1-76
21-->src\main\AndroidManifest.xml:15:18-74
22
23    <application
23-->src\main\AndroidManifest.xml:17:5-36:19
24        android:name="com.webrtcapp.MainApplication"
24-->src\main\AndroidManifest.xml:18:7-38
25        android:allowBackup="false"
25-->src\main\AndroidManifest.xml:22:7-34
26        android:appComponentFactory="androidx.core.app.CoreComponentFactory"
26-->[androidx.core:core:1.1.0] AndroidManifest.xml:24:18-86
27        android:icon="@mipmap/ic_launcher"
27-->src\main\AndroidManifest.xml:20:7-41
28        android:label="@string/app_name"
28-->src\main\AndroidManifest.xml:19:7-39
29        android:roundIcon="@mipmap/ic_launcher_round"
29-->src\main\AndroidManifest.xml:21:7-52
30        android:theme="@style/AppTheme" >
30-->src\main\AndroidManifest.xml:23:7-38
31        <activity
31-->src\main\AndroidManifest.xml:24:7-34:18
32            android:name="com.webrtcapp.MainActivity"
32-->src\main\AndroidManifest.xml:25:9-37
33            android:configChanges="keyboard|keyboardHidden|orientation|screenSize|uiMode"
33-->src\main\AndroidManifest.xml:27:9-86
34            android:label="@string/app_name"
34-->src\main\AndroidManifest.xml:26:9-41
35            android:launchMode="singleTask"
35-->src\main\AndroidManifest.xml:28:9-40
36            android:windowSoftInputMode="adjustResize" >
36-->src\main\AndroidManifest.xml:29:9-51
37            <intent-filter>
37-->src\main\AndroidManifest.xml:30:9-33:25
38                <action android:name="android.intent.action.MAIN" />
38-->src\main\AndroidManifest.xml:31:13-65
38-->src\main\AndroidManifest.xml:31:21-62
39
40                <category android:name="android.intent.category.LAUNCHER" />
40-->src\main\AndroidManifest.xml:32:13-73
40-->src\main\AndroidManifest.xml:32:23-70
41            </intent-filter>
42        </activity>
43        <activity android:name="com.facebook.react.devsupport.DevSettingsActivity" />
43-->src\main\AndroidManifest.xml:35:7-84
43-->src\main\AndroidManifest.xml:35:17-81
44    </application>
45
46</manifest>